[    0.000000] Linux version 4.15.0-212-generic (buildd@lcy02-amd64-083) (gcc version 7.5.0 (Ubuntu 7.5.0-3ubuntu1~18.04)) #223-Ubuntu SMP Tue May 23 13:09:22 UTC 2023 (Ubuntu 4.15.0-212.223-generic 4.15.18)
[    0.000000] Command line: BOOT_IMAGE=/boot/vmlinuz-4.15.0-212-generic root=LABEL=cloudimg-rootfs ro console=tty1 console=ttyS0
[    0.000000] KERNEL supported cpus:
[    0.000000]   Intel GenuineIntel
[    0.000000]   AMD AuthenticAMD
[    0.000000]   Centaur CentaurHauls
[    0.000000] [Firmware Bug]: TSC doesn't count with P0 frequency!
[    0.000000] x86/fpu: x87 FPU will use FXSAVE
[    0.000000] e820: BIOS-provided physical RAM map:
[    0.000000] BIOS-e820: [mem 0x0000000000000000-0x000000000009fbff] usable
[    0.000000] BIOS-e820: [mem 0x000000000009fc00-0x000000000009ffff] reserved
[    0.000000] BIOS-e820: [mem 0x00000000000f0000-0x00000000000fffff] reserved
[    0.000000] BIOS-e820: [mem 0x0000000000100000-0x000000003ffeffff] usable
[    0.000000] BIOS-e820: [mem 0x000000003fff0000-0x000000003fffffff] ACPI data
[    0.000000] BIOS-e820: [mem 0x00000000fec00000-0x00000000fec00fff] reserved
[    0.000000] BIOS-e820: [mem 0x00000000fee00000-0x00000000fee00fff] reserved
[    0.000000] BIOS-e820: [mem 0x00000000fffc0000-0x00000000ffffffff] reserved
[    0.000000] NX (Execute Disable) protection: active
[    0.000000] SMBIOS 2.5 present.
[    0.000000] DMI: innotek GmbH VirtualBox/VirtualBox, BIOS VirtualBox 12/01/2006
[    0.000000] Hypervisor detected: KVM
[    0.000000] e820: last_pfn = 0x3fff0 max_arch_pfn = 0x400000000
[    0.000000] MTRR: Disabled
[    0.000000] x86/PAT: MTRRs disabled, skipping PAT initialization too.
[    0.000000] CPU MTRRs all blank - virtualized system.
[    0.000000] x86/PAT: Configuration [0-7]: WB  WT  UC- UC  WB  WT  UC- UC  
[    0.000000] found SMP MP-table at [mem 0x0009fff0-0x0009ffff]
[    0.000000] Scanning 1 areas for low memory corruption
[    0.000000] RAMDISK: [mem 0x359cb000-0x36cdcfff]
[    0.000000] ACPI: Early table checksum verification disabled
[    0.000000] ACPI: RSDP 0x00000000000E0000 000024 (v02 VBOX  )
[    0.000000] ACPI: XSDT 0x000000003FFF0030 00003C (v01 VBOX   VBOXXSDT 00000001 ASL  00000061)
[    0.000000] ACPI: FACP 0x000000003FFF00F0 0000F4 (v04 VBOX   VBOXFACP 00000001 ASL  00000061)
[    0.000000] ACPI: DSDT 0x000000003FFF0610 002353 (v02 VBOX   VBOXBIOS 00000002 INTL 20100528)
[    0.000000] ACPI: FACS 0x000000003FFF0200 000040
[    0.000000] ACPI: FACS 0x000000003FFF0200 000040
[    0.000000] ACPI: APIC 0x000000003FFF0240 00005C (v02 VBOX   VBOXAPIC 00000001 ASL  00000061)
[    0.000000] ACPI: SSDT 0x000000003FFF02A0 00036C (v01 VBOX   VBOXCPUT 00000002 INTL 20100528)
[    0.000000] ACPI: Reserving FACP table memory at [mem 0x3fff00f0-0x3fff01e3]
[    0.000000] ACPI: Reserving DSDT table memory at [mem 0x3fff0610-0x3fff2962]
[    0.000000] ACPI: Reserving FACS table memory at [mem 0x3fff0200-0x3fff023f]
[    0.000000] ACPI: Reserving FACS table memory at [mem 0x3fff0200-0x3fff023f]
[    0.000000] ACPI: Reserving APIC table memory at [mem 0x3fff0240-0x3fff029b]
[    0.000000] ACPI: Reserving SSDT table memory at [mem 0x3fff02a0-0x3fff060b]
[    0.000000] No NUMA configuration found
[    0.000000] Faking a node at [mem 0x0000000000000000-0x000000003ffeffff]
[    0.000000] NODE_DATA(0) allocated [mem 0x3ffc5000-0x3ffeffff]
[    0.000000] kvm-clock: cpu 0, msr 0:3ff44001, primary cpu clock
[    0.000000] kvm-clock: Using msrs 4b564d01 and 4b564d00
[    0.000000] kvm-clock: using sched offset of 3321092462 cycles
[    0.000000] clocksource: kvm-clock: mask: 0xffffffffffffffff max_cycles: 0x1cd42e4dffb, max_idle_ns: 881590591483 ns
[    0.000000] Zone ranges:
[    0.000000]   DMA      [mem 0x0000000000001000-0x0000000000ffffff]
[    0.000000]   DMA32    [mem 0x0000000001000000-0x000000003ffeffff]
[    0.000000]   Normal   empty
[    0.000000]   Device   empty
[    0.000000] Movable zone start for each node
[    0.000000] Early memory node ranges
[    0.000000]   node   0: [mem 0x0000000000001000-0x000000000009efff]
[    0.000000]   node   0: [mem 0x0000000000100000-0x000000003ffeffff]
[    0.000000] Reserved but unavailable: 104 pages
[    0.000000] Initmem setup node 0 [mem 0x0000000000001000-0x000000003ffeffff]
[    0.000000] ACPI: PM-Timer IO Port: 0x4008
[    0.000000] IOAPIC[0]: apic_id 2, version 32, address 0xfec00000, GSI 0-23
[    0.000000] ACPI: INT_SRC_OVR (bus 0 bus_irq 0 global_irq 2 dfl dfl)
[    0.000000] ACPI: INT_SRC_OVR (bus 0 bus_irq 9 global_irq 9 low level)
[    0.000000] Using ACPI (MADT) for SMP configuration information
[    0.000000] smpboot: Allowing 2 CPUs, 0 hotplug CPUs
[    0.000000] PM: Registered nosave memory: [mem 0x00000000-0x00000fff]
[    0.000000] PM: Registered nosave memory: [mem 0x0009f000-0x0009ffff]
[    0.000000] PM: Registered nosave memory: [mem 0x000a0000-0x000effff]
[    0.000000] PM: Registered nosave memory: [mem 0x000f0000-0x000fffff]
[    0.000000] e820: [mem 0x40000000-0xfebfffff] available for PCI devices
[    0.000000] Booting paravirtualized kernel on KVM
[    0.000000] clocksource: refined-jiffies: mask: 0xffffffff max_cycles: 0xffffffff, max_idle_ns: 7645519600211568 ns
[    0.000000] setup_percpu: NR_CPUS:8192 nr_cpumask_bits:2 nr_cpu_ids:2 nr_node_ids:1
[    0.000000] percpu: Embedded 50 pages/cpu s167936 r8192 d28672 u1048576
[    0.000000] PV qspinlock hash table entries: 256 (order: 0, 4096 bytes)
[    0.000000] Built 1 zonelists, mobility grouping on.  Total pages: 257913
[    0.000000] Policy zone: DMA32
[    0.000000] Kernel command line: BOOT_IMAGE=/boot/vmlinuz-4.15.0-212-generic root=LABEL=cloudimg-rootfs ro console=tty1 console=ttyS0
[    0.000000] Memory: 982644K/1048120K available (12300K kernel code, 2477K rwdata, 4324K rodata, 2480K init, 2720K bss, 65476K reserved, 0K cma-reserved)
[    0.000000] SLUB: HWalign=64, Order=0-3, MinObjects=0, CPUs=2, Nodes=1
[    0.000000] ftrace: allocating 39508 entries in 155 pages
[    0.004000] Hierarchical RCU implementation.
[    0.004000] 	RCU restricting CPUs from NR_CPUS=8192 to nr_cpu_ids=2.
[    0.004000] 	Tasks RCU enabled.
[    0.004000] RCU: Adjusting geometry for rcu_fanout_leaf=16, nr_cpu_ids=2
[    0.004000] NR_IRQS: 524544, nr_irqs: 440, preallocated irqs: 16
[    0.004000] random: crng init done
[    0.004000] Console: colour VGA+ 80x25
[    0.004000] console [tty1] enabled
[    0.004000] console [ttyS0] enabled
[    0.004000] ACPI: Core revision 20170831
[    0.004000] ACPI: 2 ACPI AML tables successfully acquired and loaded
[    0.004000] APIC: Switch to symmetric I/O mode setup
[    0.004000] ..TIMER: vector=0x30 apic1=0 pin1=2 apic2=-1 pin2=-1
[    0.004000] tsc: Detected 3400.032 MHz processor
[    0.004000] Calibrating delay loop (skipped) preset value.. 6800.06 BogoMIPS (lpj=13600128)
[    0.004000] pid_max: default: 32768 minimum: 301
[    0.004000] Security Framework initialized
[    0.004000] Yama: becoming mindful.
[    0.004000] AppArmor: AppArmor initialized
[    0.008716] Dentry cache hash table entries: 131072 (order: 8, 1048576 bytes)
[    0.013190] Inode-cache hash table entries: 65536 (order: 7, 524288 bytes)
[    0.016043] Mount-cache hash table entries: 2048 (order: 2, 16384 bytes)
[    0.018897] Mountpoint-cache hash table entries: 2048 (order: 2, 16384 bytes)
[    0.024082] Last level iTLB entries: 4KB 512, 2MB 512, 4MB 256
[    0.027193] Last level dTLB entries: 4KB 2048, 2MB 2048, 4MB 1024, 1GB 0
[    0.028003] Spectre V1 : Mitigation: usercopy/swapgs barriers and __user pointer sanitization
[    0.032003] Spectre V2 : Mitigation: Retpolines
[    0.036001] Spectre V2 : Spectre v2 / SpectreRSB mitigation: Filling RSB on context switch
[    0.040001] Spectre V2 : Spectre v2 / SpectreRSB : Filling RSB on VMEXIT
[    0.044134] Freeing SMP alternatives memory: 36K
[    0.173005] APIC calibration not consistent with PM-Timer: 109ms instead of 100ms
[    0.176000] APIC delta adjusted to PM-Timer: 6445806 (7059191)
[    0.176276] smpboot: CPU0: AMD Ryzen 7 5700X 8-Core Processor (family: 0x19, model: 0x21, stepping: 0x2)
[    0.180000] Performance Events: PMU not available due to virtualization, using software events only.
[    0.180000] Hierarchical SRCU implementation.
[    0.180000] NMI watchdog: Perf event create on CPU 0 failed with -2
[    0.180000] NMI watchdog: Perf NMI watchdog permanently disabled
[    0.180000] smp: Bringing up secondary CPUs ...
[    0.180000] x86: Booting SMP configuration:
[    0.180000] .... node  #0, CPUs:      #1
[    0.004000] kvm-clock: cpu 1, msr 0:3ff44041, secondary cpu clock
[    0.186615] TSC synchronization [CPU#0 -> CPU#1]:
[    0.188000] Measured 65195 cycles TSC warp between CPUs, turning off TSC clock.
[    0.188000] tsc: Marking TSC unstable due to check_tsc_sync_source failed
[    0.192138] smp: Brought up 1 node, 2 CPUs
[    0.193750] smpboot: Max logical packages: 1
[    0.195444] smpboot: Total of 2 processors activated (13600.12 BogoMIPS)
[    0.196362] devtmpfs: initialized
[    0.200181] x86/mm: Memory block size: 128MB
[    0.202238] evm: security.selinux
[    0.204002] evm: security.SMACK64
[    0.205503] evm: security.SMACK64EXEC
[    0.208001] evm: security.SMACK64TRANSMUTE
[    0.209773] evm: security.SMACK64MMAP
[    0.212001] evm: security.apparmor
[    0.213522] evm: security.ima
[    0.216001] evm: security.capability
[    0.217686] clocksource: jiffies: mask: 0xffffffff max_cycles: 0xffffffff, max_idle_ns: 7645041785100000 ns
[    0.224005] futex hash table entries: 512 (order: 3, 32768 bytes)
[    0.226691] pinctrl core: initialized pinctrl subsystem
[    0.232001] RTC time: 17:52:47, date: 12/29/24
[    0.234597] NET: Registered protocol family 16
[    0.236071] audit: initializing netlink subsys (disabled)
[    0.240181] audit: type=2000 audit(1735494772.693:1): state=initialized audit_enabled=0 res=1
[    0.244058] cpuidle: using governor ladder
[    0.248106] cpuidle: using governor menu
[    0.252166] ACPI: bus type PCI registered
[    0.253766] acpiphp: ACPI Hot Plug PCI Controller Driver version: 0.5
[    0.256295] PCI: Using configuration type 1 for base access
[    0.258449] PCI: Using configuration type 1 for extended access
[    0.261024] HugeTLB registered 2.00 MiB page size, pre-allocated 0 pages
[    0.268254] ACPI: Added _OSI(Module Device)
[    0.269928] ACPI: Added _OSI(Processor Device)
[    0.272002] ACPI: Added _OSI(3.0 _SCP Extensions)
[    0.276002] ACPI: Added _OSI(Processor Aggregator Device)
[    0.278230] ACPI: Added _OSI(Linux-Dell-Video)
[    0.280002] ACPI: Added _OSI(Linux-Lenovo-NV-HDMI-Audio)
[    0.284002] ACPI: Added _OSI(Linux-HPI-Hybrid-Graphics)
[    0.286641] ACPI: Executed 1 blocks of module-level executable AML code
[    0.293175] ACPI: Interpreter enabled
[    0.294791] ACPI: (supports S0 S5)
[    0.296002] ACPI: Using IOAPIC for interrupt routing
[    0.300199] PCI: Using host bridge windows from ACPI; if necessary, use "pci=nocrs" and report a bug
[    0.304122] ACPI: Enabled 2 GPEs in block 00 to 07
[    0.312043] ACPI: PCI Root Bridge [PCI0] (domain 0000 [bus 00-ff])
[    0.314524] acpi PNP0A03:00: _OSC: OS supports [ExtendedConfig ASPM ClockPM Segments MSI]
[    0.316762] acpi PNP0A03:00: _OSC: platform does not support [PCIeCapability]
[    0.320377] acpi PNP0A03:00: _OSC: not requesting control; platform does not support [PCIeCapability]
[    0.324002] acpi PNP0A03:00: _OSC: OS requested [PCIeHotplug PME AER PCIeCapability]
[    0.328002] acpi PNP0A03:00: _OSC: platform willing to grant [PCIeHotplug PME AER]
[    0.331029] acpi PNP0A03:00: _OSC failed (AE_SUPPORT); disabling ASPM
[    0.332367] PCI host bridge to bus 0000:00
[    0.334132] pci_bus 0000:00: root bus resource [io  0x0000-0x0cf7 window]
[    0.336002] pci_bus 0000:00: root bus resource [io  0x0d00-0xffff window]
[    0.340002] pci_bus 0000:00: root bus resource [mem 0x000a0000-0x000bffff window]
[    0.344002] pci_bus 0000:00: root bus resource [mem 0x40000000-0xfdffffff window]
[    0.346990] pci_bus 0000:00: root bus resource [bus 00-ff]
[    0.352889] pci 0000:00:01.1: legacy IDE quirk: reg 0x10: [io  0x01f0-0x01f7]
[    0.355707] pci 0000:00:01.1: legacy IDE quirk: reg 0x14: [io  0x03f6]
[    0.356002] pci 0000:00:01.1: legacy IDE quirk: reg 0x18: [io  0x0170-0x0177]
[    0.360002] pci 0000:00:01.1: legacy IDE quirk: reg 0x1c: [io  0x0376]
[    0.373698] pci 0000:00:07.0: quirk: [io  0x4000-0x403f] claimed by PIIX4 ACPI
[    0.376023] pci 0000:00:07.0: quirk: [io  0x4100-0x410f] claimed by PIIX4 SMB
[    0.383218] ACPI: PCI Interrupt Link [LNKA] (IRQs 5 9 10 *11)
[    0.384268] ACPI: PCI Interrupt Link [LNKB] (IRQs 5 9 *10 11)
[    0.388111] ACPI: PCI Interrupt Link [LNKC] (IRQs 5 *9 10 11)
[    0.390512] ACPI: PCI Interrupt Link [LNKD] (IRQs 5 9 10 *11)
[    0.392410] SCSI subsystem initialized
[    0.394110] pci 0000:00:02.0: vgaarb: setting as boot VGA device
[    0.394571] pci 0000:00:02.0: vgaarb: VGA device added: decodes=io+mem,owns=io+mem,locks=none
[    0.400003] pci 0000:00:02.0: vgaarb: bridge control possible
[    0.402362] vgaarb: loaded
[    0.404013] ACPI: bus type USB registered
[    0.405754] usbcore: registered new interface driver usbfs
[    0.408007] usbcore: registered new interface driver hub
[    0.410198] usbcore: registered new device driver usb
[    0.412134] EDAC MC: Ver: 3.0.0
[    0.416130] PCI: Using ACPI for IRQ routing
[    0.418586] NetLabel: Initializing
[    0.420002] NetLabel:  domain hash size = 128
[    0.422126] NetLabel:  protocols = UNLABELED CIPSOv4 CALIPSO
[    0.424012] NetLabel:  unlabeled traffic allowed by default
[    0.428245] clocksource: Switched to clocksource kvm-clock
[    0.448021] VFS: Disk quotas dquot_6.6.0
[    0.452915] VFS: Dquot-cache hash table entries: 512 (order 0, 4096 bytes)
[    0.456726] AppArmor: AppArmor Filesystem Enabled
[    0.459456] pnp: PnP ACPI init
[    0.461757] pnp: PnP ACPI: found 3 devices
[    0.489008] clocksource: acpi_pm: mask: 0xffffff max_cycles: 0xffffff, max_idle_ns: 2085701024 ns
[    0.492717] NET: Registered protocol family 2
[    0.494797] IP idents hash table entries: 16384 (order: 5, 131072 bytes)
[    0.497751] TCP established hash table entries: 8192 (order: 4, 65536 bytes)
[    0.500771] TCP bind hash table entries: 8192 (order: 5, 131072 bytes)
[    0.503641] TCP: Hash tables configured (established 8192 bind 8192)
[    0.506705] UDP hash table entries: 512 (order: 2, 16384 bytes)
[    0.509207] UDP-Lite hash table entries: 512 (order: 2, 16384 bytes)
[    0.511812] NET: Registered protocol family 1
[    0.513776] pci 0000:00:00.0: Limiting direct PCI/PCI transfers
[    0.516258] pci 0000:00:01.0: Activating ISA DMA hang workarounds
[    0.518772] pci 0000:00:02.0: Video device with shadowed ROM at [mem 0x000c0000-0x000dffff]
[    0.522252] Unpacking initramfs...
[    0.622811] Freeing initrd memory: 19528K
[    0.768094] clocksource: tsc: mask: 0xffffffffffffffff max_cycles: 0x31026ca8b41, max_idle_ns: 440795236487 ns
[    0.772095] platform rtc_cmos: registered platform RTC device (no PNP device found)
[    0.775111] Scanning for low memory corruption every 60 seconds
[    0.778609] Initialise system trusted keyrings
[    0.780546] Key type blacklist registered
[    0.782518] workingset: timestamp_bits=36 max_order=18 bucket_order=0
[    0.786461] zbud: loaded
[    0.788398] squashfs: version 4.0 (2009/01/31) Phillip Lougher
[    0.791255] fuse init (API version 7.26)
[    0.811218] Key type asymmetric registered
[    0.812921] Asymmetric key parser 'x509' registered
[    0.814825] Block layer SCSI generic (bsg) driver version 0.4 loaded (major 246)
[    0.818015] io scheduler noop registered
[    0.819583] io scheduler deadline registered
[    0.821406] io scheduler cfq registered (default)
[    0.823811] ACPI: AC Adapter [AC] (on-line)
[    0.825763] input: Power Button as /devices/LNXSYSTM:00/LNXPWRBN:00/input/input0
[    0.828960] ACPI: Power Button [PWRF]
[    0.830504] input: Sleep Button as /devices/LNXSYSTM:00/LNXSLPBN:00/input/input1
[    0.833401] ACPI: Sleep Button [SLPF]
[    0.836059] Serial: 8250/16550 driver, 32 ports, IRQ sharing enabled
[    0.862429] 00:02: ttyS0 at I/O 0x3f8 (irq = 4, base_baud = 115200) is a 16550A
[    0.876438] Linux agpgart interface v0.103
[    0.883309] loop: module loaded
[    0.886349] scsi host0: ata_piix
[    0.888585] scsi host1: ata_piix
[    0.890229] ata1: PATA max UDMA/33 cmd 0x1f0 ctl 0x3f6 bmdma 0xd000 irq 14
[    0.893047] ata2: PATA max UDMA/33 cmd 0x170 ctl 0x376 bmdma 0xd008 irq 15
[    0.895846] tun: Universal TUN/TAP device driver, 1.6
[    0.898322] PPP generic driver version 2.4.2
[    0.900466] ehci_hcd: USB 2.0 'Enhanced' Host Controller (EHCI) Driver
[    0.903097] ehci-pci: EHCI PCI platform driver
[    0.905042] ehci-platform: EHCI generic platform driver
[    0.907174] ohci_hcd: USB 1.1 'Open' Host Controller (OHCI) Driver
[    0.909886] ohci-pci: OHCI PCI platform driver
[    0.911742] ohci-platform: OHCI generic platform driver
[    0.913962] uhci_hcd: USB Universal Host Controller Interface driver
[    0.916629] i8042: PNP: PS/2 Controller [PNP0303:PS2K,PNP0f03:PS2M] at 0x60,0x64 irq 1,12
[    0.921513] serio: i8042 KBD port at 0x60,0x64 irq 1
[    0.923594] serio: i8042 AUX port at 0x60,0x64 irq 12
[    0.926185] mousedev: PS/2 mouse device common for all mice
[    0.929704] input: AT Translated Set 2 keyboard as /devices/platform/i8042/serio0/input/input2
[    0.933008] rtc_cmos rtc_cmos: rtc core: registered rtc_cmos as rtc0
[    0.936380] rtc_cmos rtc_cmos: alarms up to one day, 114 bytes nvram
[    0.938790] i2c /dev entries driver
[    0.940218] device-mapper: uevent: version 1.0.3
[    0.942179] device-mapper: ioctl: 4.37.0-ioctl (2017-09-20) initialised: dm-devel@redhat.com
[    0.945626] ledtrig-cpu: registered to indicate activity on CPUs
[    0.949284] NET: Registered protocol family 10
[    0.957908] Segment Routing with IPv6
[    0.959379] NET: Registered protocol family 17
[    0.961450] Key type dns_resolver registered
[    0.964232] mce: Using 0 MCE banks
[    0.965768] RAS: Correctable Errors collector initialized.
[    0.967989] sched_clock: Marking stable (964210863, 0)->(1290417297, -326206434)
[    0.973201] registered taskstats version 1
[    0.974943] Loading compiled-in X.509 certificates
[    0.979637] Loaded X.509 cert 'Build time autogenerated kernel key: b5b26778eaa3ab3a4a6cee031137706e947d12ad'
[    0.983884] Loaded X.509 cert 'Canonical Ltd. Live Patch Signing: 14df34d1a87cf37625abec039ef2bf521249b969'
[    0.988199] Loaded X.509 cert 'Canonical Ltd. Kernel Module Signing: 88f752e560a1e0737e31163a466ad7b70a850c19'
[    0.992301] blacklist: Loading compiled-in revocation X.509 certificates
[    0.994962] Loaded X.509 cert 'Canonical Ltd. Secure Boot Signing: 61482aa2830d0ab2ad5af10b7250da9033ddcef0'
[    0.998950] Loaded X.509 cert 'Canonical Ltd. Secure Boot Signing (2017): 242ade75ac4a15e50d50c84b0d45ff3eae707a03'
[    1.003068] Loaded X.509 cert 'Canonical Ltd. Secure Boot Signing (ESM 2018): 365188c1d374d6b07c3c8f240f8ef722433d6a8b'
[    1.007302] Loaded X.509 cert 'Canonical Ltd. Secure Boot Signing (2019): c0746fd6c5da3ae827864651ad66ae47fe24b3e8'
[    1.012712] Loaded X.509 cert 'Canonical Ltd. Secure Boot Signing (2021 v1): a8d54bbb3825cfb94fa13c9f8a594a195c107b8d'
[    1.017058] Loaded X.509 cert 'Canonical Ltd. Secure Boot Signing (2021 v2): 4cf046892d6fd3c9a5b03f98d845f90851dc6a8c'
[    1.021131] Loaded X.509 cert 'Canonical Ltd. Secure Boot Signing (2021 v3): 100437bb6de6e469b581e61cd66bce3ef4ed53af'
[    1.025490] Loaded X.509 cert 'Canonical Ltd. Secure Boot Signing (Ubuntu Core 2019): c1d57b8f6b743f23ee41f4f7ee292f06eecadfb9'
[    1.030026] zswap: loaded using pool lzo/zbud
[    1.037788] Key type big_key registered
[    1.039309] Key type trusted registered
[    1.043210] Key type encrypted registered
[    1.044903] AppArmor: AppArmor sha1 policy hashing enabled
[    1.047001] ima: No TPM chip found, activating TPM-bypass! (rc=-19)
[    1.049628] ima: Allocated hash algorithm: sha1
[    1.051390] evm: HMAC attrs: 0x1
[    1.053055]   Magic number: 4:361:897
[    1.070600] rtc_cmos rtc_cmos: setting system clock to 2024-12-29 17:52:48 UTC (1735494768)
[    1.088443] BIOS EDD facility v0.16 2004-Jun-25, 0 devices found
[    1.090774] EDD information not available.
[    1.094258] Freeing unused kernel image memory: 2480K
[    1.125176] Write protecting the kernel read-only data: 20480k
[    1.128525] Freeing unused kernel image memory: 2008K
[    1.131132] Freeing unused kernel image memory: 1820K
[    1.136353] x86/mm: Checked W+X mappings: passed, no W+X pages found.
Loading, please wait...
starting version 237
[    1.194875] Fusion MPT base driver 3.04.20
[    1.196837] Copyright (c) 1999-2008 LSI Corporation
[    1.199723] e1000: Intel(R) PRO/1000 Network Driver - version 7.3.21-k8-NAPI
[    1.202947] e1000: Copyright (c) 1999-2006 Intel Corporation.
[    1.208488] Fusion MPT SPI Host driver 3.04.20
[    1.219341] SSE version of gcm_enc/dec engaged.
[    1.424176] input: ImExPS/2 Generic Explorer Mouse as /devices/platform/i8042/serio1/input/input4
[    1.688360] e1000 0000:00:03.0 eth0: (PCI:33MHz:32-bit) 02:3b:7b:b7:3b:2d
[    1.690957] e1000 0000:00:03.0 eth0: Intel(R) PRO/1000 Network Connection
[    1.694871] mptbase: ioc0: Initiating bringup
[    1.695243] e1000 0000:00:03.0 enp0s3: renamed from eth0
[    1.813974] ioc0: LSI53C1030 A0: Capabilities={Initiator}
[    2.061482] scsi host2: ioc0: LSI53C1030 A0, FwRev=00000000h, Ports=1, MaxQ=256, IRQ=20
[    2.394444] scsi 2:0:0:0: Direct-Access     VBOX     HARDDISK         1.0  PQ: 0 ANSI: 5
[    2.973842] scsi target2:0:0: Beginning Domain Validation
[    2.979067] scsi target2:0:0: Domain Validation skipping write tests
[    2.981498] scsi target2:0:0: Ending Domain Validation
[    2.983627] scsi target2:0:0: asynchronous
[    2.985969] scsi 2:0:1:0: Direct-Access     VBOX     HARDDISK         1.0  PQ: 0 ANSI: 5
[    3.088079] scsi target2:0:1: Beginning Domain Validation
[    3.093313] scsi target2:0:1: Domain Validation skipping write tests
[    3.095806] scsi target2:0:1: Ending Domain Validation
[    3.097968] scsi target2:0:1: asynchronous
[    3.104980] sd 2:0:0:0: [sda] 83886080 512-byte logical blocks: (42.9 GB/40.0 GiB)
[    3.108205] sd 2:0:0:0: Attached scsi generic sg0 type 0
[    3.108266] sd 2:0:0:0: [sda] Write Protect is off
[    3.111068] sd 2:0:1:0: [sdb] 20480 512-byte logical blocks: (10.5 MB/10.0 MiB)
[    3.116488] sd 2:0:1:0: Attached scsi generic sg1 type 0
[    3.116570] sd 2:0:1:0: [sdb] Write Protect is off
[    3.121469] sd 2:0:0:0: [sda] Incomplete mode parameter data
[    3.121510] sd 2:0:1:0: [sdb] Incomplete mode parameter data
[    3.123680] sd 2:0:0:0: [sda] Assuming drive cache: write through
[    3.125754] sd 2:0:1:0: [sdb] Assuming drive cache: write through
[    3.135804]  sda: sda1
[    3.138850] sd 2:0:0:0: [sda] Attached SCSI disk
[    3.140375] sd 2:0:1:0: [sdb] Attached SCSI disk
Begin: Loading essential drivers ... 